Epoch: 0,  train_loss: 1.71661496	Acc_train: 0.42015,  Coef_train: 0.37001	Acc_test: 0.47756,  Coef_test: 0.37247
Epoch: 1,  train_loss: 1.60343866	Acc_train: 0.54313,  Coef_train: 0.34165	Acc_test: 0.56418,  Coef_test: 0.35448
Epoch: 2,  train_loss: 1.52228404	Acc_train: 0.54697,  Coef_train: 0.33605	Acc_test: 0.55745,  Coef_test: 0.35686
Epoch: 3,  train_loss: 1.42308292	Acc_train: 0.59095,  Coef_train: 0.34387	Acc_test: 0.56867,  Coef_test: 0.35879
Epoch: 4,  train_loss: 1.36714464	Acc_train: 0.59137,  Coef_train: 0.32555	Acc_test: 0.56867,  Coef_test: 0.35352
Epoch: 5,  train_loss: 1.29235002	Acc_train: 0.62980,  Coef_train: 0.34763	Acc_test: 0.57630,  Coef_test: 0.36213
Epoch: 6,  train_loss: 1.24139082	Acc_train: 0.70581,  Coef_train: 0.30372	Acc_test: 0.56598,  Coef_test: 0.33974
Epoch: 7,  train_loss: 1.19777225	Acc_train: 0.66823,  Coef_train: 0.32540	Acc_test: 0.55341,  Coef_test: 0.35368
Epoch: 8,  train_loss: 1.14914664	Acc_train: 0.68061,  Coef_train: 0.30982	Acc_test: 0.58259,  Coef_test: 0.34568
Epoch: 9,  train_loss: 1.11278865	Acc_train: 0.74039,  Coef_train: 0.28238	Acc_test: 0.58214,  Coef_test: 0.32231
Epoch: 10,  train_loss: 1.02039018	Acc_train: 0.78651,  Coef_train: 0.27187	Acc_test: 0.58662,  Coef_test: 0.33050
Epoch: 11,  train_loss: 1.01121384	Acc_train: 0.80444,  Coef_train: 0.24734	Acc_test: 0.58573,  Coef_test: 0.30736
Epoch: 12,  train_loss: 0.96492396	Acc_train: 0.74509,  Coef_train: 0.29093	Acc_test: 0.58528,  Coef_test: 0.34051
Epoch: 13,  train_loss: 0.93060326	Acc_train: 0.86763,  Coef_train: 0.26719	Acc_test: 0.57720,  Coef_test: 0.32735
Epoch: 14,  train_loss: 0.87951589	Acc_train: 0.87746,  Coef_train: 0.26085	Acc_test: 0.58303,  Coef_test: 0.32020
Epoch: 15,  train_loss: 0.86770988	Acc_train: 0.90222,  Coef_train: 0.25104	Acc_test: 0.58169,  Coef_test: 0.30700
Epoch: 16,  train_loss: 0.82082982	Acc_train: 0.84116,  Coef_train: 0.26539	Acc_test: 0.58662,  Coef_test: 0.32124
Epoch: 17,  train_loss: 0.79187652	Acc_train: 0.91631,  Coef_train: 0.23550	Acc_test: 0.58707,  Coef_test: 0.30092
Epoch: 18,  train_loss: 0.77218284	Acc_train: 0.91033,  Coef_train: 0.22352	Acc_test: 0.58662,  Coef_test: 0.30613
Epoch: 19,  train_loss: 0.73488299	Acc_train: 0.84629,  Coef_train: 0.25674	Acc_test: 0.59515,  Coef_test: 0.31975
Epoch: 20,  train_loss: 0.73175427	Acc_train: 0.93382,  Coef_train: 0.22918	Acc_test: 0.57944,  Coef_test: 0.29655
Epoch: 21,  train_loss: 0.67194968	Acc_train: 0.95858,  Coef_train: 0.19633	Acc_test: 0.58932,  Coef_test: 0.28039
Epoch: 22,  train_loss: 0.66442451	Acc_train: 0.95303,  Coef_train: 0.22639	Acc_test: 0.58887,  Coef_test: 0.30516
Epoch: 23,  train_loss: 0.61268096	Acc_train: 0.95687,  Coef_train: 0.24697	Acc_test: 0.59022,  Coef_test: 0.31691
Epoch: 24,  train_loss: 0.64078138	Acc_train: 0.96541,  Coef_train: 0.22128	Acc_test: 0.60099,  Coef_test: 0.30486
Epoch: 25,  train_loss: 0.59736018	Acc_train: 0.98079,  Coef_train: 0.21150	Acc_test: 0.58887,  Coef_test: 0.28722
Epoch: 26,  train_loss: 0.60948955	Acc_train: 0.97908,  Coef_train: 0.22500	Acc_test: 0.59650,  Coef_test: 0.31402
Epoch: 27,  train_loss: 0.54536704	Acc_train: 0.98634,  Coef_train: 0.20725	Acc_test: 0.58707,  Coef_test: 0.28327
Epoch: 28,  train_loss: 0.54774688	Acc_train: 0.97694,  Coef_train: 0.22659	Acc_test: 0.59336,  Coef_test: 0.31548
Epoch: 29,  train_loss: 0.54200981	Acc_train: 0.99103,  Coef_train: 0.19853	Acc_test: 0.59291,  Coef_test: 0.29377
Epoch: 30,  train_loss: 0.52437783	Acc_train: 0.99530,  Coef_train: 0.20917	Acc_test: 0.59336,  Coef_test: 0.29335
Epoch: 31,  train_loss: 0.51206034	Acc_train: 0.99274,  Coef_train: 0.23661	Acc_test: 0.59874,  Coef_test: 0.31108
Epoch: 32,  train_loss: 0.49160508	Acc_train: 0.98292,  Coef_train: 0.20534	Acc_test: 0.59425,  Coef_test: 0.29939
Epoch: 33,  train_loss: 0.45743005	Acc_train: 0.99658,  Coef_train: 0.19002	Acc_test: 0.59156,  Coef_test: 0.27910
Epoch: 34,  train_loss: 0.46050855	Acc_train: 0.99189,  Coef_train: 0.23500	Acc_test: 0.59829,  Coef_test: 0.31848
Epoch: 35,  train_loss: 0.42303891	Acc_train: 0.99573,  Coef_train: 0.21600	Acc_test: 0.59829,  Coef_test: 0.30333
Epoch: 36,  train_loss: 0.42007823	Acc_train: 0.99701,  Coef_train: 0.20097	Acc_test: 0.59336,  Coef_test: 0.29011
Epoch: 37,  train_loss: 0.42071485	Acc_train: 0.99701,  Coef_train: 0.19839	Acc_test: 0.59425,  Coef_test: 0.28611
Epoch: 38,  train_loss: 0.44199261	Acc_train: 0.99445,  Coef_train: 0.20919	Acc_test: 0.59381,  Coef_test: 0.30209
Epoch: 39,  train_loss: 0.39399331	Acc_train: 0.99744,  Coef_train: 0.16331	Acc_test: 0.59111,  Coef_test: 0.26805
Epoch: 40,  train_loss: 0.36540696	Acc_train: 0.99573,  Coef_train: 0.20401	Acc_test: 0.59425,  Coef_test: 0.29424
Epoch: 41,  train_loss: 0.36435475	Acc_train: 0.99744,  Coef_train: 0.18583	Acc_test: 0.59336,  Coef_test: 0.28963
Epoch: 42,  train_loss: 0.37152947	Acc_train: 0.99616,  Coef_train: 0.18737	Acc_test: 0.59201,  Coef_test: 0.28938
Epoch: 43,  train_loss: 0.36138506	Acc_train: 0.99573,  Coef_train: 0.21793	Acc_test: 0.59066,  Coef_test: 0.31092
Epoch: 44,  train_loss: 0.32051112	Acc_train: 0.99744,  Coef_train: 0.22516	Acc_test: 0.59919,  Coef_test: 0.30673
Epoch: 45,  train_loss: 0.32313740	Acc_train: 0.99658,  Coef_train: 0.21988	Acc_test: 0.59560,  Coef_test: 0.30691
Epoch: 46,  train_loss: 0.31098403	Acc_train: 0.99744,  Coef_train: 0.21017	Acc_test: 0.59785,  Coef_test: 0.30248
Epoch: 47,  train_loss: 0.33437008	Acc_train: 0.99787,  Coef_train: 0.19369	Acc_test: 0.59650,  Coef_test: 0.28203
Epoch: 48,  train_loss: 0.30677276	Acc_train: 0.99787,  Coef_train: 0.19798	Acc_test: 0.59425,  Coef_test: 0.29700
Epoch: 49,  train_loss: 0.26331709	Acc_train: 0.99744,  Coef_train: 0.20837	Acc_test: 0.59650,  Coef_test: 0.30182
Epoch: 50,  train_loss: 0.26955097	Acc_train: 0.99829,  Coef_train: 0.17539	Acc_test: 0.58662,  Coef_test: 0.25976
Epoch: 51,  train_loss: 0.25115213	Acc_train: 0.99744,  Coef_train: 0.20419	Acc_test: 0.59650,  Coef_test: 0.29170
Epoch: 52,  train_loss: 0.26408351	Acc_train: 0.99829,  Coef_train: 0.18917	Acc_test: 0.59425,  Coef_test: 0.28537
Epoch: 53,  train_loss: 0.26343068	Acc_train: 0.99744,  Coef_train: 0.19226	Acc_test: 0.59515,  Coef_test: 0.27958
Epoch: 54,  train_loss: 0.21463773	Acc_train: 0.99787,  Coef_train: 0.22421	Acc_test: 0.60009,  Coef_test: 0.31997
Epoch: 55,  train_loss: 0.20798112	Acc_train: 0.99658,  Coef_train: 0.23365	Acc_test: 0.59381,  Coef_test: 0.31943
Epoch: 56,  train_loss: 0.22065554	Acc_train: 0.99701,  Coef_train: 0.19051	Acc_test: 0.59650,  Coef_test: 0.30356
Epoch: 57,  train_loss: 0.19220158	Acc_train: 0.99658,  Coef_train: 0.18493	Acc_test: 0.59336,  Coef_test: 0.28085
Epoch: 58,  train_loss: 0.22256041	Acc_train: 0.99872,  Coef_train: 0.20675	Acc_test: 0.59381,  Coef_test: 0.29054
Epoch: 59,  train_loss: 0.18833374	Acc_train: 0.99701,  Coef_train: 0.20907	Acc_test: 0.59605,  Coef_test: 0.30660
Epoch: 60,  train_loss: 0.19438265	Acc_train: 0.99829,  Coef_train: 0.20374	Acc_test: 0.59470,  Coef_test: 0.31088
Epoch: 61,  train_loss: 0.16842141	Acc_train: 0.99744,  Coef_train: 0.20288	Acc_test: 0.59964,  Coef_test: 0.30325
Epoch: 62,  train_loss: 0.16149570	Acc_train: 0.99701,  Coef_train: 0.19898	Acc_test: 0.60054,  Coef_test: 0.30110
Epoch: 63,  train_loss: 0.15343860	Acc_train: 0.99787,  Coef_train: 0.19481	Acc_test: 0.59695,  Coef_test: 0.28659
Epoch: 64,  train_loss: 0.15186298	Acc_train: 0.99787,  Coef_train: 0.20282	Acc_test: 0.59695,  Coef_test: 0.31116
Epoch: 65,  train_loss: 0.12122147	Acc_train: 0.99872,  Coef_train: 0.20009	Acc_test: 0.59381,  Coef_test: 0.30149
Epoch: 66,  train_loss: 0.13055220	Acc_train: 0.99915,  Coef_train: 0.19491	Acc_test: 0.59650,  Coef_test: 0.30117
Epoch: 67,  train_loss: 0.12780686	Acc_train: 0.99872,  Coef_train: 0.20594	Acc_test: 0.59919,  Coef_test: 0.30917
Epoch: 68,  train_loss: 0.11679748	Acc_train: 0.99872,  Coef_train: 0.18395	Acc_test: 0.59740,  Coef_test: 0.29537
Epoch: 69,  train_loss: 0.10754106	Acc_train: 0.99915,  Coef_train: 0.21397	Acc_test: 0.59560,  Coef_test: 0.30645
Epoch: 70,  train_loss: 0.11138762	Acc_train: 0.99872,  Coef_train: 0.20356	Acc_test: 0.59515,  Coef_test: 0.30077
Epoch: 71,  train_loss: 0.11540176	Acc_train: 0.99872,  Coef_train: 0.18922	Acc_test: 0.59829,  Coef_test: 0.29022
Epoch: 72,  train_loss: 0.11208054	Acc_train: 0.99829,  Coef_train: 0.17338	Acc_test: 0.60189,  Coef_test: 0.29668
Epoch: 73,  train_loss: 0.10461632	Acc_train: 0.99787,  Coef_train: 0.19456	Acc_test: 0.59560,  Coef_test: 0.29554
Epoch: 74,  train_loss: 0.09909459	Acc_train: 0.99787,  Coef_train: 0.21329	Acc_test: 0.59740,  Coef_test: 0.31237
Epoch: 75,  train_loss: 0.07540821	Acc_train: 0.99829,  Coef_train: 0.18744	Acc_test: 0.59515,  Coef_test: 0.29642
Epoch: 76,  train_loss: 0.07993962	Acc_train: 0.99915,  Coef_train: 0.18721	Acc_test: 0.59336,  Coef_test: 0.30420
Epoch: 77,  train_loss: 0.07292217	Acc_train: 0.99872,  Coef_train: 0.19007	Acc_test: 0.59740,  Coef_test: 0.30097
Epoch: 78,  train_loss: 0.07807962	Acc_train: 0.99915,  Coef_train: 0.18980	Acc_test: 0.59650,  Coef_test: 0.28458
Epoch: 79,  train_loss: 0.07712578	Acc_train: 0.99872,  Coef_train: 0.20110	Acc_test: 0.59874,  Coef_test: 0.30948
Epoch: 80,  train_loss: 0.07074582	Acc_train: 0.99872,  Coef_train: 0.18931	Acc_test: 0.60099,  Coef_test: 0.28963
Epoch: 81,  train_loss: 0.05968238	Acc_train: 0.99829,  Coef_train: 0.19878	Acc_test: 0.59605,  Coef_test: 0.29064
Epoch: 82,  train_loss: 0.06026394	Acc_train: 0.99829,  Coef_train: 0.18038	Acc_test: 0.59919,  Coef_test: 0.28913
Epoch: 83,  train_loss: 0.05555475	Acc_train: 0.99872,  Coef_train: 0.17749	Acc_test: 0.60054,  Coef_test: 0.29359
Epoch: 84,  train_loss: 0.04910202	Acc_train: 0.99915,  Coef_train: 0.18065	Acc_test: 0.60009,  Coef_test: 0.29963
Epoch: 85,  train_loss: 0.05382543	Acc_train: 0.99829,  Coef_train: 0.18230	Acc_test: 0.59919,  Coef_test: 0.29561
Epoch: 86,  train_loss: 0.05851896	Acc_train: 0.99872,  Coef_train: 0.16440	Acc_test: 0.59560,  Coef_test: 0.28045
Epoch: 87,  train_loss: 0.04692065	Acc_train: 0.99915,  Coef_train: 0.17639	Acc_test: 0.60144,  Coef_test: 0.29500
Epoch: 88,  train_loss: 0.04876534	Acc_train: 0.99829,  Coef_train: 0.20478	Acc_test: 0.59560,  Coef_test: 0.30601
Epoch: 89,  train_loss: 0.04081606	Acc_train: 0.99915,  Coef_train: 0.18859	Acc_test: 0.59874,  Coef_test: 0.29010
Epoch: 90,  train_loss: 0.04385499	Acc_train: 0.99829,  Coef_train: 0.17410	Acc_test: 0.59829,  Coef_test: 0.29043
Epoch: 91,  train_loss: 0.04339127	Acc_train: 0.99957,  Coef_train: 0.19859	Acc_test: 0.60099,  Coef_test: 0.30224
Epoch: 92,  train_loss: 0.04699928	Acc_train: 0.99872,  Coef_train: 0.18325	Acc_test: 0.59336,  Coef_test: 0.29169
Epoch: 93,  train_loss: 0.04177660	Acc_train: 0.99915,  Coef_train: 0.16886	Acc_test: 0.59066,  Coef_test: 0.28693
Epoch: 94,  train_loss: 0.03533011	Acc_train: 0.99872,  Coef_train: 0.20522	Acc_test: 0.60189,  Coef_test: 0.31461
Epoch: 95,  train_loss: 0.03267991	Acc_train: 0.99915,  Coef_train: 0.17989	Acc_test: 0.59470,  Coef_test: 0.28680
Epoch: 96,  train_loss: 0.02936059	Acc_train: 0.99915,  Coef_train: 0.16961	Acc_test: 0.58932,  Coef_test: 0.29255
Epoch: 97,  train_loss: 0.03090271	Acc_train: 0.99957,  Coef_train: 0.19316	Acc_test: 0.59515,  Coef_test: 0.30758
Epoch: 98,  train_loss: 0.02993922	Acc_train: 0.99872,  Coef_train: 0.17737	Acc_test: 0.59470,  Coef_test: 0.28716
Epoch: 99,  train_loss: 0.03621590	Acc_train: 0.99915,  Coef_train: 0.17341	Acc_test: 0.59695,  Coef_test: 0.28987
Epoch: 100,  train_loss: 0.03093107	Acc_train: 0.99957,  Coef_train: 0.16709	Acc_test: 0.59425,  Coef_test: 0.28357
Epoch: 101,  train_loss: 0.02638804	Acc_train: 0.99957,  Coef_train: 0.18994	Acc_test: 0.59605,  Coef_test: 0.29748
Epoch: 102,  train_loss: 0.02514686	Acc_train: 0.99915,  Coef_train: 0.18345	Acc_test: 0.59560,  Coef_test: 0.29973
Epoch: 103,  train_loss: 0.02859269	Acc_train: 0.99872,  Coef_train: 0.17392	Acc_test: 0.59425,  Coef_test: 0.26918
Epoch: 104,  train_loss: 0.02686010	Acc_train: 0.99957,  Coef_train: 0.20154	Acc_test: 0.59560,  Coef_test: 0.30815
Epoch: 105,  train_loss: 0.01937903	Acc_train: 1.00000,  Coef_train: 0.18291	Acc_test: 0.59695,  Coef_test: 0.30182
Epoch: 106,  train_loss: 0.02298159	Acc_train: 1.00000,  Coef_train: 0.17952	Acc_test: 0.59874,  Coef_test: 0.29636
Epoch: 107,  train_loss: 0.02920262	Acc_train: 0.99872,  Coef_train: 0.17769	Acc_test: 0.59650,  Coef_test: 0.28460
Epoch: 108,  train_loss: 0.02096788	Acc_train: 0.99829,  Coef_train: 0.17098	Acc_test: 0.59560,  Coef_test: 0.28671
Epoch: 109,  train_loss: 0.02367855	Acc_train: 0.99957,  Coef_train: 0.19166	Acc_test: 0.60099,  Coef_test: 0.30885
Epoch: 110,  train_loss: 0.01628756	Acc_train: 0.99957,  Coef_train: 0.19426	Acc_test: 0.59560,  Coef_test: 0.30829
Epoch: 111,  train_loss: 0.01875101	Acc_train: 1.00000,  Coef_train: 0.19071	Acc_test: 0.59336,  Coef_test: 0.28128
Epoch: 112,  train_loss: 0.01823821	Acc_train: 0.99957,  Coef_train: 0.18740	Acc_test: 0.59650,  Coef_test: 0.30233
Epoch: 113,  train_loss: 0.02352516	Acc_train: 1.00000,  Coef_train: 0.18148	Acc_test: 0.59381,  Coef_test: 0.29272
Epoch: 114,  train_loss: 0.02298504	Acc_train: 0.99957,  Coef_train: 0.17214	Acc_test: 0.59336,  Coef_test: 0.29047
Epoch: 115,  train_loss: 0.02303843	Acc_train: 1.00000,  Coef_train: 0.17196	Acc_test: 0.59066,  Coef_test: 0.28449
Epoch: 116,  train_loss: 0.01209469	Acc_train: 0.99957,  Coef_train: 0.18557	Acc_test: 0.60189,  Coef_test: 0.31239
Epoch: 117,  train_loss: 0.01742121	Acc_train: 0.99915,  Coef_train: 0.19833	Acc_test: 0.59022,  Coef_test: 0.30381
Epoch: 118,  train_loss: 0.02587471	Acc_train: 0.99957,  Coef_train: 0.17186	Acc_test: 0.59381,  Coef_test: 0.28051
Epoch: 119,  train_loss: 0.02053072	Acc_train: 0.99915,  Coef_train: 0.17914	Acc_test: 0.59785,  Coef_test: 0.29167
Epoch: 120,  train_loss: 0.01737356	Acc_train: 1.00000,  Coef_train: 0.17260	Acc_test: 0.59156,  Coef_test: 0.28356
Epoch: 121,  train_loss: 0.01858664	Acc_train: 1.00000,  Coef_train: 0.17100	Acc_test: 0.59066,  Coef_test: 0.28877
Epoch: 122,  train_loss: 0.02010270	Acc_train: 1.00000,  Coef_train: 0.17939	Acc_test: 0.60144,  Coef_test: 0.30136
Epoch: 123,  train_loss: 0.01918435	Acc_train: 1.00000,  Coef_train: 0.15945	Acc_test: 0.58618,  Coef_test: 0.27229
Epoch: 124,  train_loss: 0.02107902	Acc_train: 0.99957,  Coef_train: 0.16543	Acc_test: 0.59111,  Coef_test: 0.26490
Epoch: 125,  train_loss: 0.01924634	Acc_train: 0.99915,  Coef_train: 0.16296	Acc_test: 0.59111,  Coef_test: 0.28899
Epoch: 126,  train_loss: 0.02395940	Acc_train: 1.00000,  Coef_train: 0.16455	Acc_test: 0.58707,  Coef_test: 0.26944
Epoch: 127,  train_loss: 0.01666039	Acc_train: 0.99957,  Coef_train: 0.17128	Acc_test: 0.59022,  Coef_test: 0.27331
Epoch: 128,  train_loss: 0.01186156	Acc_train: 1.00000,  Coef_train: 0.17146	Acc_test: 0.59336,  Coef_test: 0.28910
Epoch: 129,  train_loss: 0.01508703	Acc_train: 1.00000,  Coef_train: 0.15434	Acc_test: 0.59111,  Coef_test: 0.27676
Epoch: 130,  train_loss: 0.01584047	Acc_train: 0.99957,  Coef_train: 0.18437	Acc_test: 0.59695,  Coef_test: 0.29854
Epoch: 131,  train_loss: 0.01503718	Acc_train: 1.00000,  Coef_train: 0.19023	Acc_test: 0.59829,  Coef_test: 0.30667
Epoch: 132,  train_loss: 0.01217436	Acc_train: 0.99957,  Coef_train: 0.19178	Acc_test: 0.59515,  Coef_test: 0.29578
Epoch: 133,  train_loss: 0.01108934	Acc_train: 0.99957,  Coef_train: 0.17616	Acc_test: 0.59336,  Coef_test: 0.29207
Epoch: 134,  train_loss: 0.01166682	Acc_train: 1.00000,  Coef_train: 0.18960	Acc_test: 0.59874,  Coef_test: 0.29629
Epoch: 135,  train_loss: 0.01239695	Acc_train: 1.00000,  Coef_train: 0.17843	Acc_test: 0.58977,  Coef_test: 0.28131
Epoch: 136,  train_loss: 0.02122475	Acc_train: 0.99957,  Coef_train: 0.18154	Acc_test: 0.59336,  Coef_test: 0.28530
Epoch: 137,  train_loss: 0.01668017	Acc_train: 0.99957,  Coef_train: 0.14786	Acc_test: 0.58887,  Coef_test: 0.25687
Epoch: 138,  train_loss: 0.01764864	Acc_train: 0.99957,  Coef_train: 0.18638	Acc_test: 0.59246,  Coef_test: 0.29768
Epoch: 139,  train_loss: 0.01849083	Acc_train: 0.99957,  Coef_train: 0.15570	Acc_test: 0.59022,  Coef_test: 0.27795
Epoch: 140,  train_loss: 0.01364695	Acc_train: 1.00000,  Coef_train: 0.16510	Acc_test: 0.59201,  Coef_test: 0.26946
Epoch: 141,  train_loss: 0.01598617	Acc_train: 0.99957,  Coef_train: 0.18096	Acc_test: 0.58932,  Coef_test: 0.28519
Epoch: 142,  train_loss: 0.00965884	Acc_train: 1.00000,  Coef_train: 0.18077	Acc_test: 0.59111,  Coef_test: 0.28888
Epoch: 143,  train_loss: 0.00979924	Acc_train: 1.00000,  Coef_train: 0.15950	Acc_test: 0.59022,  Coef_test: 0.27751
Epoch: 144,  train_loss: 0.01225211	Acc_train: 1.00000,  Coef_train: 0.17077	Acc_test: 0.58707,  Coef_test: 0.27341
Epoch: 145,  train_loss: 0.00794018	Acc_train: 1.00000,  Coef_train: 0.17925	Acc_test: 0.59829,  Coef_test: 0.30139
Epoch: 146,  train_loss: 0.00887069	Acc_train: 0.99957,  Coef_train: 0.17231	Acc_test: 0.58842,  Coef_test: 0.28145
Epoch: 147,  train_loss: 0.01273611	Acc_train: 0.99957,  Coef_train: 0.16602	Acc_test: 0.59425,  Coef_test: 0.28707
Epoch: 148,  train_loss: 0.01189230	Acc_train: 1.00000,  Coef_train: 0.17944	Acc_test: 0.59560,  Coef_test: 0.28076
Epoch: 149,  train_loss: 0.00718730	Acc_train: 1.00000,  Coef_train: 0.16055	Acc_test: 0.58618,  Coef_test: 0.26380
Epoch: 150,  train_loss: 0.01654546	Acc_train: 0.99915,  Coef_train: 0.17063	Acc_test: 0.59066,  Coef_test: 0.27224
Epoch: 151,  train_loss: 0.01455066	Acc_train: 0.99957,  Coef_train: 0.18702	Acc_test: 0.58977,  Coef_test: 0.29816
Epoch: 152,  train_loss: 0.01366914	Acc_train: 0.99957,  Coef_train: 0.16857	Acc_test: 0.58797,  Coef_test: 0.27270
Epoch: 153,  train_loss: 0.01434709	Acc_train: 0.99957,  Coef_train: 0.17748	Acc_test: 0.58842,  Coef_test: 0.27077
Epoch: 154,  train_loss: 0.01467714	Acc_train: 0.99957,  Coef_train: 0.17431	Acc_test: 0.58932,  Coef_test: 0.27760
Epoch: 155,  train_loss: 0.01304496	Acc_train: 1.00000,  Coef_train: 0.15751	Acc_test: 0.58932,  Coef_test: 0.27504
Epoch: 156,  train_loss: 0.00996402	Acc_train: 1.00000,  Coef_train: 0.14606	Acc_test: 0.58034,  Coef_test: 0.26266
Epoch: 157,  train_loss: 0.00949359	Acc_train: 1.00000,  Coef_train: 0.18443	Acc_test: 0.59111,  Coef_test: 0.29304
Epoch: 158,  train_loss: 0.01252744	Acc_train: 1.00000,  Coef_train: 0.17446	Acc_test: 0.58707,  Coef_test: 0.27579
Epoch: 159,  train_loss: 0.01500575	Acc_train: 0.99957,  Coef_train: 0.16679	Acc_test: 0.58169,  Coef_test: 0.26308
Epoch: 160,  train_loss: 0.00787601	Acc_train: 1.00000,  Coef_train: 0.19070	Acc_test: 0.59111,  Coef_test: 0.29935
Epoch: 161,  train_loss: 0.01230257	Acc_train: 0.99957,  Coef_train: 0.18808	Acc_test: 0.59066,  Coef_test: 0.28939
Epoch: 162,  train_loss: 0.01034419	Acc_train: 1.00000,  Coef_train: 0.16729	Acc_test: 0.59246,  Coef_test: 0.28321
Epoch: 163,  train_loss: 0.00736626	Acc_train: 1.00000,  Coef_train: 0.16441	Acc_test: 0.58438,  Coef_test: 0.26900
Epoch: 164,  train_loss: 0.01284131	Acc_train: 0.99915,  Coef_train: 0.17624	Acc_test: 0.58483,  Coef_test: 0.29977
Epoch: 165,  train_loss: 0.01084277	Acc_train: 1.00000,  Coef_train: 0.19390	Acc_test: 0.59246,  Coef_test: 0.28669
Epoch: 166,  train_loss: 0.00676525	Acc_train: 1.00000,  Coef_train: 0.16900	Acc_test: 0.59336,  Coef_test: 0.27651
Epoch: 167,  train_loss: 0.00701622	Acc_train: 1.00000,  Coef_train: 0.16260	Acc_test: 0.58303,  Coef_test: 0.29008
Epoch: 168,  train_loss: 0.01097375	Acc_train: 1.00000,  Coef_train: 0.16910	Acc_test: 0.59246,  Coef_test: 0.27234
Epoch: 169,  train_loss: 0.00771702	Acc_train: 1.00000,  Coef_train: 0.17484	Acc_test: 0.58932,  Coef_test: 0.28070
Epoch: 170,  train_loss: 0.00392459	Acc_train: 1.00000,  Coef_train: 0.18179	Acc_test: 0.59246,  Coef_test: 0.28508
Epoch: 171,  train_loss: 0.00722586	Acc_train: 1.00000,  Coef_train: 0.16108	Acc_test: 0.58393,  Coef_test: 0.25996
Epoch: 172,  train_loss: 0.01433317	Acc_train: 0.99957,  Coef_train: 0.17304	Acc_test: 0.58079,  Coef_test: 0.28947
Epoch: 173,  train_loss: 0.01638207	Acc_train: 0.99957,  Coef_train: 0.15333	Acc_test: 0.56912,  Coef_test: 0.27059
Epoch: 174,  train_loss: 0.01344151	Acc_train: 0.99957,  Coef_train: 0.16727	Acc_test: 0.58303,  Coef_test: 0.24895
Epoch: 175,  train_loss: 0.01259403	Acc_train: 0.99957,  Coef_train: 0.15217	Acc_test: 0.56912,  Coef_test: 0.25465
Epoch: 176,  train_loss: 0.01564593	Acc_train: 1.00000,  Coef_train: 0.18751	Acc_test: 0.57675,  Coef_test: 0.28598
Epoch: 177,  train_loss: 0.01238910	Acc_train: 1.00000,  Coef_train: 0.17509	Acc_test: 0.58169,  Coef_test: 0.27060
Epoch: 178,  train_loss: 0.02005098	Acc_train: 0.99957,  Coef_train: 0.16393	Acc_test: 0.57765,  Coef_test: 0.27165
Epoch: 179,  train_loss: 0.02273655	Acc_train: 1.00000,  Coef_train: 0.14950	Acc_test: 0.57271,  Coef_test: 0.25267
Epoch: 180,  train_loss: 0.01758024	Acc_train: 1.00000,  Coef_train: 0.17815	Acc_test: 0.58438,  Coef_test: 0.28614
Epoch: 181,  train_loss: 0.02033881	Acc_train: 0.99957,  Coef_train: 0.16675	Acc_test: 0.58124,  Coef_test: 0.24691
Epoch: 182,  train_loss: 0.00847189	Acc_train: 1.00000,  Coef_train: 0.16872	Acc_test: 0.58438,  Coef_test: 0.27440
Epoch: 183,  train_loss: 0.01252199	Acc_train: 0.99957,  Coef_train: 0.14420	Acc_test: 0.58483,  Coef_test: 0.22817
Epoch: 184,  train_loss: 0.01314207	Acc_train: 1.00000,  Coef_train: 0.16936	Acc_test: 0.58842,  Coef_test: 0.25542
Epoch: 185,  train_loss: 0.01610463	Acc_train: 1.00000,  Coef_train: 0.14569	Acc_test: 0.59111,  Coef_test: 0.25732
Epoch: 186,  train_loss: 0.01594667	Acc_train: 1.00000,  Coef_train: 0.16579	Acc_test: 0.59425,  Coef_test: 0.27188
Epoch: 187,  train_loss: 0.02631523	Acc_train: 1.00000,  Coef_train: 0.18025	Acc_test: 0.58528,  Coef_test: 0.27471
Epoch: 188,  train_loss: 0.01793424	Acc_train: 1.00000,  Coef_train: 0.17766	Acc_test: 0.58842,  Coef_test: 0.27465
Epoch: 189,  train_loss: 0.02110603	Acc_train: 1.00000,  Coef_train: 0.14942	Acc_test: 0.58438,  Coef_test: 0.24712
Epoch: 190,  train_loss: 0.01392081	Acc_train: 1.00000,  Coef_train: 0.17745	Acc_test: 0.59022,  Coef_test: 0.29291
Epoch: 191,  train_loss: 0.01279821	Acc_train: 1.00000,  Coef_train: 0.17415	Acc_test: 0.58932,  Coef_test: 0.27574
Epoch: 192,  train_loss: 0.00843176	Acc_train: 0.99957,  Coef_train: 0.18526	Acc_test: 0.59111,  Coef_test: 0.29694
Epoch: 193,  train_loss: 0.01147363	Acc_train: 1.00000,  Coef_train: 0.15928	Acc_test: 0.58707,  Coef_test: 0.26247
Epoch: 194,  train_loss: 0.01448892	Acc_train: 1.00000,  Coef_train: 0.17692	Acc_test: 0.59022,  Coef_test: 0.29337
Epoch: 195,  train_loss: 0.01183160	Acc_train: 1.00000,  Coef_train: 0.16882	Acc_test: 0.58079,  Coef_test: 0.27050
Epoch: 196,  train_loss: 0.01725484	Acc_train: 1.00000,  Coef_train: 0.19384	Acc_test: 0.57944,  Coef_test: 0.28081
Epoch: 197,  train_loss: 0.00915323	Acc_train: 1.00000,  Coef_train: 0.16558	Acc_test: 0.57810,  Coef_test: 0.26100
Epoch: 198,  train_loss: 0.01717354	Acc_train: 1.00000,  Coef_train: 0.17615	Acc_test: 0.58214,  Coef_test: 0.27062
Epoch: 199,  train_loss: 0.02170908	Acc_train: 1.00000,  Coef_train: 0.18133	Acc_test: 0.58707,  Coef_test: 0.27578
Epoch: 200,  train_loss: 0.01363555	Acc_train: 1.00000,  Coef_train: 0.18514	Acc_test: 0.58842,  Coef_test: 0.29254
Epoch: 201,  train_loss: 0.01504079	Acc_train: 1.00000,  Coef_train: 0.16203	Acc_test: 0.57810,  Coef_test: 0.25986
Epoch: 202,  train_loss: 0.00988509	Acc_train: 1.00000,  Coef_train: 0.17384	Acc_test: 0.58528,  Coef_test: 0.26040
Epoch: 203,  train_loss: 0.01704518	Acc_train: 1.00000,  Coef_train: 0.16077	Acc_test: 0.58618,  Coef_test: 0.25314
Epoch: 204,  train_loss: 0.01415215	Acc_train: 1.00000,  Coef_train: 0.18766	Acc_test: 0.58797,  Coef_test: 0.28570
Epoch: 205,  train_loss: 0.00811066	Acc_train: 1.00000,  Coef_train: 0.18973	Acc_test: 0.58393,  Coef_test: 0.28316
Epoch: 206,  train_loss: 0.00743881	Acc_train: 1.00000,  Coef_train: 0.17363	Acc_test: 0.58393,  Coef_test: 0.26974
Epoch: 207,  train_loss: 0.00832345	Acc_train: 1.00000,  Coef_train: 0.16333	Acc_test: 0.58707,  Coef_test: 0.27323
Epoch: 208,  train_loss: 0.00995542	Acc_train: 1.00000,  Coef_train: 0.19198	Acc_test: 0.58079,  Coef_test: 0.27521
Epoch: 209,  train_loss: 0.00779231	Acc_train: 1.00000,  Coef_train: 0.16655	Acc_test: 0.58752,  Coef_test: 0.26986
Epoch: 210,  train_loss: 0.00874120	Acc_train: 0.99957,  Coef_train: 0.18142	Acc_test: 0.58707,  Coef_test: 0.28231
Epoch: 211,  train_loss: 0.01545743	Acc_train: 1.00000,  Coef_train: 0.17266	Acc_test: 0.58752,  Coef_test: 0.27217
Epoch: 212,  train_loss: 0.00801963	Acc_train: 0.99957,  Coef_train: 0.16402	Acc_test: 0.58214,  Coef_test: 0.26529
Epoch: 213,  train_loss: 0.01396667	Acc_train: 0.99957,  Coef_train: 0.16005	Acc_test: 0.58483,  Coef_test: 0.26175
Epoch: 214,  train_loss: 0.01264632	Acc_train: 0.99957,  Coef_train: 0.16878	Acc_test: 0.58393,  Coef_test: 0.25773
Epoch: 215,  train_loss: 0.00857287	Acc_train: 1.00000,  Coef_train: 0.17283	Acc_test: 0.58618,  Coef_test: 0.26621
Epoch: 216,  train_loss: 0.00976706	Acc_train: 0.99957,  Coef_train: 0.14095	Acc_test: 0.57316,  Coef_test: 0.25041
Epoch: 217,  train_loss: 0.01850336	Acc_train: 1.00000,  Coef_train: 0.17799	Acc_test: 0.57181,  Coef_test: 0.25300
Epoch: 218,  train_loss: 0.02106315	Acc_train: 0.99957,  Coef_train: 0.13536	Acc_test: 0.57630,  Coef_test: 0.24036
Epoch: 219,  train_loss: 0.01251084	Acc_train: 1.00000,  Coef_train: 0.14801	Acc_test: 0.58438,  Coef_test: 0.25595
Epoch: 220,  train_loss: 0.01470598	Acc_train: 1.00000,  Coef_train: 0.17816	Acc_test: 0.57451,  Coef_test: 0.26730
Epoch: 221,  train_loss: 0.00791205	Acc_train: 1.00000,  Coef_train: 0.15569	Acc_test: 0.58528,  Coef_test: 0.25473
Epoch: 222,  train_loss: 0.00942040	Acc_train: 1.00000,  Coef_train: 0.15993	Acc_test: 0.58662,  Coef_test: 0.26693
Epoch: 223,  train_loss: 0.00846522	Acc_train: 1.00000,  Coef_train: 0.16447	Acc_test: 0.58752,  Coef_test: 0.26294
Epoch: 224,  train_loss: 0.00731712	Acc_train: 1.00000,  Coef_train: 0.16956	Acc_test: 0.57810,  Coef_test: 0.27575
Epoch: 225,  train_loss: 0.00646077	Acc_train: 1.00000,  Coef_train: 0.17179	Acc_test: 0.57720,  Coef_test: 0.26123
Epoch: 226,  train_loss: 0.00545008	Acc_train: 1.00000,  Coef_train: 0.18326	Acc_test: 0.58259,  Coef_test: 0.27515
Epoch: 227,  train_loss: 0.01309867	Acc_train: 1.00000,  Coef_train: 0.13688	Acc_test: 0.56732,  Coef_test: 0.21314
Epoch: 228,  train_loss: 0.00633556	Acc_train: 1.00000,  Coef_train: 0.15092	Acc_test: 0.57496,  Coef_test: 0.25135
Epoch: 229,  train_loss: 0.00654455	Acc_train: 1.00000,  Coef_train: 0.17999	Acc_test: 0.58438,  Coef_test: 0.28369
Epoch: 230,  train_loss: 0.00553228	Acc_train: 0.99957,  Coef_train: 0.15288	Acc_test: 0.58303,  Coef_test: 0.24589
Epoch: 231,  train_loss: 0.01525724	Acc_train: 1.00000,  Coef_train: 0.14810	Acc_test: 0.56643,  Coef_test: 0.24043
Epoch: 232,  train_loss: 0.01457469	Acc_train: 1.00000,  Coef_train: 0.18495	Acc_test: 0.58528,  Coef_test: 0.28946
Epoch: 233,  train_loss: 0.01180615	Acc_train: 1.00000,  Coef_train: 0.14667	Acc_test: 0.58079,  Coef_test: 0.23395
Epoch: 234,  train_loss: 0.00538946	Acc_train: 0.99957,  Coef_train: 0.16468	Acc_test: 0.58303,  Coef_test: 0.25560
Epoch: 235,  train_loss: 0.01472762	Acc_train: 0.99957,  Coef_train: 0.15339	Acc_test: 0.57002,  Coef_test: 0.25224
Epoch: 236,  train_loss: 0.00832115	Acc_train: 0.99957,  Coef_train: 0.13371	Acc_test: 0.57855,  Coef_test: 0.21975
Epoch: 237,  train_loss: 0.00468313	Acc_train: 1.00000,  Coef_train: 0.16703	Acc_test: 0.58932,  Coef_test: 0.27102
Epoch: 238,  train_loss: 0.00960435	Acc_train: 1.00000,  Coef_train: 0.18515	Acc_test: 0.58169,  Coef_test: 0.27284
Epoch: 239,  train_loss: 0.00889075	Acc_train: 1.00000,  Coef_train: 0.14587	Acc_test: 0.58393,  Coef_test: 0.24279
Epoch: 240,  train_loss: 0.00992587	Acc_train: 1.00000,  Coef_train: 0.17189	Acc_test: 0.57451,  Coef_test: 0.25621
Epoch: 241,  train_loss: 0.01571869	Acc_train: 0.99957,  Coef_train: 0.15768	Acc_test: 0.57226,  Coef_test: 0.24980
Epoch: 242,  train_loss: 0.01283944	Acc_train: 1.00000,  Coef_train: 0.17335	Acc_test: 0.57271,  Coef_test: 0.27548
Epoch: 243,  train_loss: 0.01124637	Acc_train: 1.00000,  Coef_train: 0.16356	Acc_test: 0.57181,  Coef_test: 0.24961
Epoch: 244,  train_loss: 0.01227553	Acc_train: 1.00000,  Coef_train: 0.18234	Acc_test: 0.58079,  Coef_test: 0.27247
Epoch: 245,  train_loss: 0.01973341	Acc_train: 1.00000,  Coef_train: 0.18995	Acc_test: 0.58214,  Coef_test: 0.29326
Epoch: 246,  train_loss: 0.02428263	Acc_train: 1.00000,  Coef_train: 0.15588	Acc_test: 0.57540,  Coef_test: 0.23711
Epoch: 247,  train_loss: 0.01555839	Acc_train: 0.99957,  Coef_train: 0.17127	Acc_test: 0.57989,  Coef_test: 0.25871
Epoch: 248,  train_loss: 0.01629797	Acc_train: 1.00000,  Coef_train: 0.17467	Acc_test: 0.57989,  Coef_test: 0.28025
Epoch: 249,  train_loss: 0.01909839	Acc_train: 1.00000,  Coef_train: 0.18323	Acc_test: 0.57720,  Coef_test: 0.28224
Epoch: 250,  train_loss: 0.01902744	Acc_train: 1.00000,  Coef_train: 0.16800	Acc_test: 0.57002,  Coef_test: 0.24245
Epoch: 251,  train_loss: 0.01738901	Acc_train: 1.00000,  Coef_train: 0.17543	Acc_test: 0.55925,  Coef_test: 0.26063
Epoch: 252,  train_loss: 0.01368633	Acc_train: 1.00000,  Coef_train: 0.17606	Acc_test: 0.57406,  Coef_test: 0.25326
Epoch: 253,  train_loss: 0.01010908	Acc_train: 1.00000,  Coef_train: 0.18475	Acc_test: 0.57406,  Coef_test: 0.27917
Epoch: 254,  train_loss: 0.01458012	Acc_train: 1.00000,  Coef_train: 0.17909	Acc_test: 0.57271,  Coef_test: 0.26620
Epoch: 255,  train_loss: 0.00712998	Acc_train: 1.00000,  Coef_train: 0.18403	Acc_test: 0.57810,  Coef_test: 0.27993
Epoch: 256,  train_loss: 0.01578006	Acc_train: 1.00000,  Coef_train: 0.19419	Acc_test: 0.58034,  Coef_test: 0.29461
Epoch: 257,  train_loss: 0.01340906	Acc_train: 0.99957,  Coef_train: 0.14463	Acc_test: 0.56329,  Coef_test: 0.23655
Epoch: 258,  train_loss: 0.01165479	Acc_train: 1.00000,  Coef_train: 0.19179	Acc_test: 0.57944,  Coef_test: 0.28680
Epoch: 259,  train_loss: 0.01073402	Acc_train: 1.00000,  Coef_train: 0.18495	Acc_test: 0.57406,  Coef_test: 0.28853
Epoch: 260,  train_loss: 0.00892557	Acc_train: 1.00000,  Coef_train: 0.15392	Acc_test: 0.56553,  Coef_test: 0.24817
Epoch: 261,  train_loss: 0.01145438	Acc_train: 1.00000,  Coef_train: 0.18231	Acc_test: 0.58303,  Coef_test: 0.28635
Epoch: 262,  train_loss: 0.00679219	Acc_train: 1.00000,  Coef_train: 0.16763	Acc_test: 0.57989,  Coef_test: 0.27349
Epoch: 263,  train_loss: 0.01207909	Acc_train: 1.00000,  Coef_train: 0.17639	Acc_test: 0.58124,  Coef_test: 0.26541
Epoch: 264,  train_loss: 0.01257506	Acc_train: 1.00000,  Coef_train: 0.20061	Acc_test: 0.58169,  Coef_test: 0.29460
Epoch: 265,  train_loss: 0.01283412	Acc_train: 1.00000,  Coef_train: 0.14656	Acc_test: 0.56598,  Coef_test: 0.24398
Epoch: 266,  train_loss: 0.01451373	Acc_train: 1.00000,  Coef_train: 0.15492	Acc_test: 0.56912,  Coef_test: 0.26054
Epoch: 267,  train_loss: 0.01101070	Acc_train: 1.00000,  Coef_train: 0.16296	Acc_test: 0.56867,  Coef_test: 0.25938
Epoch: 268,  train_loss: 0.01289656	Acc_train: 1.00000,  Coef_train: 0.17863	Acc_test: 0.58034,  Coef_test: 0.27149
Epoch: 269,  train_loss: 0.01341446	Acc_train: 1.00000,  Coef_train: 0.15327	Acc_test: 0.56373,  Coef_test: 0.26355
Epoch: 270,  train_loss: 0.00819207	Acc_train: 1.00000,  Coef_train: 0.16930	Acc_test: 0.57944,  Coef_test: 0.26127
Epoch: 271,  train_loss: 0.00906373	Acc_train: 1.00000,  Coef_train: 0.18411	Acc_test: 0.57675,  Coef_test: 0.28623
Epoch: 272,  train_loss: 0.01089760	Acc_train: 1.00000,  Coef_train: 0.17138	Acc_test: 0.58169,  Coef_test: 0.28217
Epoch: 273,  train_loss: 0.01385692	Acc_train: 1.00000,  Coef_train: 0.15589	Acc_test: 0.57181,  Coef_test: 0.25821
Epoch: 274,  train_loss: 0.00996209	Acc_train: 1.00000,  Coef_train: 0.17878	Acc_test: 0.57002,  Coef_test: 0.27249
Epoch: 275,  train_loss: 0.00699898	Acc_train: 1.00000,  Coef_train: 0.16393	Acc_test: 0.57810,  Coef_test: 0.24681
Epoch: 276,  train_loss: 0.01162439	Acc_train: 0.99915,  Coef_train: 0.18135	Acc_test: 0.58438,  Coef_test: 0.28954
Epoch: 277,  train_loss: 0.01555886	Acc_train: 1.00000,  Coef_train: 0.15662	Acc_test: 0.57540,  Coef_test: 0.25381
Epoch: 278,  train_loss: 0.01089352	Acc_train: 1.00000,  Coef_train: 0.18461	Acc_test: 0.57585,  Coef_test: 0.28555
Epoch: 279,  train_loss: 0.00429089	Acc_train: 1.00000,  Coef_train: 0.15823	Acc_test: 0.58214,  Coef_test: 0.27088
Epoch: 280,  train_loss: 0.00718142	Acc_train: 1.00000,  Coef_train: 0.15130	Acc_test: 0.57855,  Coef_test: 0.25602
Epoch: 281,  train_loss: 0.01195778	Acc_train: 0.99957,  Coef_train: 0.14884	Acc_test: 0.57271,  Coef_test: 0.24402
Epoch: 282,  train_loss: 0.01153159	Acc_train: 1.00000,  Coef_train: 0.15970	Acc_test: 0.57989,  Coef_test: 0.25991
Epoch: 283,  train_loss: 0.01059336	Acc_train: 1.00000,  Coef_train: 0.16491	Acc_test: 0.58034,  Coef_test: 0.26285
Epoch: 284,  train_loss: 0.00656720	Acc_train: 1.00000,  Coef_train: 0.16411	Acc_test: 0.57989,  Coef_test: 0.25342
Epoch: 285,  train_loss: 0.00666372	Acc_train: 1.00000,  Coef_train: 0.16368	Acc_test: 0.57181,  Coef_test: 0.26192
Epoch: 286,  train_loss: 0.00394517	Acc_train: 1.00000,  Coef_train: 0.18085	Acc_test: 0.58662,  Coef_test: 0.28012
Epoch: 287,  train_loss: 0.00333868	Acc_train: 1.00000,  Coef_train: 0.14739	Acc_test: 0.58169,  Coef_test: 0.24214
Epoch: 288,  train_loss: 0.00917188	Acc_train: 1.00000,  Coef_train: 0.18144	Acc_test: 0.57496,  Coef_test: 0.26468
Epoch: 289,  train_loss: 0.01344071	Acc_train: 1.00000,  Coef_train: 0.15410	Acc_test: 0.56822,  Coef_test: 0.25800
Epoch: 290,  train_loss: 0.00697019	Acc_train: 1.00000,  Coef_train: 0.16340	Acc_test: 0.58393,  Coef_test: 0.27528
Epoch: 291,  train_loss: 0.00427785	Acc_train: 1.00000,  Coef_train: 0.16034	Acc_test: 0.58034,  Coef_test: 0.25923
Epoch: 292,  train_loss: 0.00742921	Acc_train: 1.00000,  Coef_train: 0.15303	Acc_test: 0.56598,  Coef_test: 0.26935
Epoch: 293,  train_loss: 0.00728250	Acc_train: 1.00000,  Coef_train: 0.17021	Acc_test: 0.57675,  Coef_test: 0.27736
Epoch: 294,  train_loss: 0.00564784	Acc_train: 1.00000,  Coef_train: 0.17024	Acc_test: 0.57226,  Coef_test: 0.27386
Epoch: 295,  train_loss: 0.01443399	Acc_train: 1.00000,  Coef_train: 0.15742	Acc_test: 0.54982,  Coef_test: 0.24459
Epoch: 296,  train_loss: 0.00911262	Acc_train: 1.00000,  Coef_train: 0.16363	Acc_test: 0.56688,  Coef_test: 0.25518
Epoch: 297,  train_loss: 0.00803014	Acc_train: 1.00000,  Coef_train: 0.21272	Acc_test: 0.57675,  Coef_test: 0.31381
Epoch: 298,  train_loss: 0.00957732	Acc_train: 1.00000,  Coef_train: 0.17658	Acc_test: 0.56688,  Coef_test: 0.26394
Epoch: 299,  train_loss: 0.00818199	Acc_train: 1.00000,  Coef_train: 0.15763	Acc_test: 0.57181,  Coef_test: 0.26484